{"/home/tokenlab/Área de Trabalho/projects/tour-of-heroes/src/database.ts": {"path":"/home/tokenlab/Área de Trabalho/projects/tour-of-heroes/src/database.ts","statementMap":{"0":{"start":{"line":1,"column":0},"end":{"line":1,"column":26}},"1":{"start":{"line":2,"column":0},"end":{"line":2,"column":68}},"2":{"start":{"line":3,"column":0},"end":{"line":3,"column":30}},"3":{"start":{"line":5,"column":23},"end":{"line":9,"column":1}},"4":{"start":{"line":6,"column":26},"end":{"line":6,"column":32}},"5":{"start":{"line":7,"column":4},"end":{"line":7,"column":38}},"6":{"start":{"line":8,"column":4},"end":{"line":8,"column":38}},"7":{"start":{"line":5,"column":13},"end":{"line":5,"column":23}},"8":{"start":{"line":11,"column":21},"end":{"line":14,"column":1}},"9":{"start":{"line":12,"column":35},"end":{"line":12,"column":50}},"10":{"start":{"line":13,"column":4},"end":{"line":13,"column":null}},"11":{"start":{"line":11,"column":13},"end":{"line":11,"column":21}}},"fnMap":{"0":{"name":"(anonymous_0)","decl":{"start":{"line":5,"column":23},"end":{"line":5,"column":28}},"loc":{"start":{"line":5,"column":49},"end":{"line":9,"column":1}}},"1":{"name":"(anonymous_1)","decl":{"start":{"line":11,"column":21},"end":{"line":11,"column":26}},"loc":{"start":{"line":11,"column":47},"end":{"line":14,"column":1}}}},"branchMap":{},"s":{"0":1,"1":1,"2":1,"3":1,"4":1,"5":1,"6":1,"7":1,"8":1,"9":1,"10":1,"11":1},"f":{"0":1,"1":1},"b":{}}
,"/home/tokenlab/Área de Trabalho/projects/tour-of-heroes/src/server.ts": {"path":"/home/tokenlab/Área de Trabalho/projects/tour-of-heroes/src/server.ts","statementMap":{"0":{"start":{"line":1,"column":0},"end":{"line":1,"column":43}},"1":{"start":{"line":2,"column":0},"end":{"line":2,"column":34}},"2":{"start":{"line":5,"column":0},"end":{"line":5,"column":28}},"3":{"start":{"line":6,"column":0},"end":{"line":6,"column":38}},"4":{"start":{"line":7,"column":0},"end":{"line":7,"column":47}},"5":{"start":{"line":14,"column":24},"end":{"line":14,"column":31}},"6":{"start":{"line":11,"column":12},"end":{"line":11,"column":41}},"7":{"start":{"line":12,"column":12},"end":{"line":12,"column":32}},"8":{"start":{"line":17,"column":8},"end":{"line":17,"column":28}},"9":{"start":{"line":18,"column":8},"end":{"line":18,"column":35}},"10":{"start":{"line":19,"column":8},"end":{"line":19,"column":33}},"11":{"start":{"line":23,"column":24},"end":{"line":23,"column":30}},"12":{"start":{"line":25,"column":27},"end":{"line":25,"column":54}},"13":{"start":{"line":27,"column":8},"end":{"line":27,"column":54}},"14":{"start":{"line":31,"column":8},"end":{"line":31,"column":40}},"15":{"start":{"line":32,"column":8},"end":{"line":32,"column":44}},"16":{"start":{"line":36,"column":8},"end":{"line":36,"column":38}},"17":{"start":{"line":40,"column":8},"end":{"line":42,"column":null}},"18":{"start":{"line":41,"column":12},"end":{"line":41,"column":null}},"19":{"start":{"line":46,"column":8},"end":{"line":46,"column":36}},"20":{"start":{"line":47,"column":8},"end":{"line":49,"column":null}},"21":{"start":{"line":48,"column":11},"end":{"line":48,"column":null}},"22":{"start":{"line":53,"column":8},"end":{"line":53,"column":null}},"23":{"start":{"line":9,"column":0},"end":{"line":9,"column":13}}},"fnMap":{"0":{"name":"(anonymous_0)","decl":{"start":{"line":14,"column":4},"end":{"line":14,"column":24}},"loc":{"start":{"line":14,"column":35},"end":{"line":14,"column":40}}},"1":{"name":"(anonymous_1)","decl":{"start":{"line":16,"column":11},"end":{"line":16,"column":16}},"loc":{"start":{"line":16,"column":21},"end":{"line":20,"column":5}}},"2":{"name":"(anonymous_2)","decl":{"start":{"line":22,"column":12},"end":{"line":22,"column":23}},"loc":{"start":{"line":22,"column":23},"end":{"line":28,"column":5}}},"3":{"name":"(anonymous_3)","decl":{"start":{"line":30,"column":12},"end":{"line":30,"column":24}},"loc":{"start":{"line":30,"column":24},"end":{"line":33,"column":5}}},"4":{"name":"(anonymous_4)","decl":{"start":{"line":35,"column":12},"end":{"line":35,"column":17}},"loc":{"start":{"line":35,"column":31},"end":{"line":37,"column":5}}},"5":{"name":"(anonymous_5)","decl":{"start":{"line":39,"column":11},"end":{"line":39,"column":16}},"loc":{"start":{"line":39,"column":16},"end":{"line":43,"column":5}}},"6":{"name":"(anonymous_6)","decl":{"start":{"line":40,"column":49},"end":{"line":40,"column":51}},"loc":{"start":{"line":40,"column":53},"end":{"line":42,"column":9}}},"7":{"name":"(anonymous_7)","decl":{"start":{"line":45,"column":11},"end":{"line":45,"column":16}},"loc":{"start":{"line":45,"column":22},"end":{"line":50,"column":5}}},"8":{"name":"(anonymous_8)","decl":{"start":{"line":52,"column":11},"end":{"line":52,"column":17}},"loc":{"start":{"line":52,"column":17},"end":{"line":54,"column":5}}}},"branchMap":{"0":{"loc":{"start":{"line":14,"column":24},"end":{"line":14,"column":35}},"type":"default-arg","locations":[{"start":{"line":14,"column":31},"end":{"line":14,"column":35}}]},"1":{"loc":{"start":{"line":47,"column":8},"end":{"line":49,"column":null}},"type":"if","locations":[{"start":{"line":47,"column":8},"end":{"line":49,"column":null}}]}},"s":{"0":1,"1":1,"2":1,"3":1,"4":1,"5":1,"6":1,"7":1,"8":1,"9":1,"10":1,"11":1,"12":1,"13":1,"14":1,"15":1,"16":1,"17":1,"18":1,"19":1,"20":1,"21":1,"22":1,"23":1},"f":{"0":1,"1":1,"2":1,"3":1,"4":1,"5":1,"6":1,"7":1,"8":1},"b":{"0":[1],"1":[1]}}
,"/home/tokenlab/Área de Trabalho/projects/tour-of-heroes/src/config/index.ts": {"path":"/home/tokenlab/Área de Trabalho/projects/tour-of-heroes/src/config/index.ts","statementMap":{"0":{"start":{"line":1,"column":0},"end":{"line":1,"column":33}},"1":{"start":{"line":4,"column":0},"end":{"line":4,"column":16}},"2":{"start":{"line":6,"column":15},"end":{"line":6,"column":42}},"3":{"start":{"line":8,"column":18},"end":{"line":14,"column":2}},"4":{"start":{"line":16,"column":37},"end":{"line":26,"column":2}},"5":{"start":{"line":28,"column":15},"end":{"line":34,"column":2}},"6":{"start":{"line":36,"column":0},"end":{"line":36,"column":22}}},"fnMap":{},"branchMap":{"0":{"loc":{"start":{"line":25,"column":13},"end":{"line":25,"column":66}},"type":"cond-expr","locations":[{"start":{"line":25,"column":22},"end":{"line":25,"column":43}},{"start":{"line":25,"column":46},"end":{"line":25,"column":66}}]}},"s":{"0":1,"1":1,"2":1,"3":1,"4":1,"5":1,"6":1},"f":{},"b":{"0":[0,1]}}
,"/home/tokenlab/Área de Trabalho/projects/tour-of-heroes/src/controllers/heroController.ts": {"path":"/home/tokenlab/Área de Trabalho/projects/tour-of-heroes/src/controllers/heroController.ts","statementMap":{"0":{"start":{"line":4,"column":0},"end":{"line":4,"column":60}},"1":{"start":{"line":5,"column":0},"end":{"line":5,"column":54}},"2":{"start":{"line":7,"column":20},"end":{"line":7,"column":37}},"3":{"start":{"line":11,"column":4},"end":{"line":16,"column":null}},"4":{"start":{"line":12,"column":21},"end":{"line":12,"column":47}},"5":{"start":{"line":13,"column":6},"end":{"line":13,"column":35}},"6":{"start":{"line":15,"column":6},"end":{"line":15,"column":46}},"7":{"start":{"line":20,"column":4},"end":{"line":38,"column":null}},"8":{"start":{"line":21,"column":23},"end":{"line":21,"column":31}},"9":{"start":{"line":23,"column":28},"end":{"line":25,"column":8}},"10":{"start":{"line":27,"column":32},"end":{"line":27,"column":57}},"11":{"start":{"line":29,"column":6},"end":{"line":31,"column":null}},"12":{"start":{"line":30,"column":8},"end":{"line":30,"column":72}},"13":{"start":{"line":33,"column":22},"end":{"line":33,"column":52}},"14":{"start":{"line":35,"column":6},"end":{"line":35,"column":36}},"15":{"start":{"line":37,"column":6},"end":{"line":37,"column":59}},"16":{"start":{"line":42,"column":4},"end":{"line":57,"column":null}},"17":{"start":{"line":43,"column":21},"end":{"line":43,"column":46}},"18":{"start":{"line":45,"column":27},"end":{"line":45,"column":61}},"19":{"start":{"line":47,"column":6},"end":{"line":49,"column":null}},"20":{"start":{"line":48,"column":8},"end":{"line":48,"column":null}},"21":{"start":{"line":51,"column":6},"end":{"line":51,"column":45}},"22":{"start":{"line":53,"column":6},"end":{"line":53,"column":71}},"23":{"start":{"line":56,"column":6},"end":{"line":56,"column":null}},"24":{"start":{"line":61,"column":4},"end":{"line":79,"column":null}},"25":{"start":{"line":62,"column":21},"end":{"line":62,"column":46}},"26":{"start":{"line":63,"column":27},"end":{"line":63,"column":35}},"27":{"start":{"line":65,"column":32},"end":{"line":65,"column":65}},"28":{"start":{"line":67,"column":6},"end":{"line":69,"column":null}},"29":{"start":{"line":68,"column":8},"end":{"line":68,"column":72}},"30":{"start":{"line":71,"column":6},"end":{"line":71,"column":53}},"31":{"start":{"line":72,"column":6},"end":{"line":74,"column":null}},"32":{"start":{"line":76,"column":6},"end":{"line":78,"column":null}},"33":{"start":{"line":83,"column":4},"end":{"line":96,"column":null}},"34":{"start":{"line":84,"column":21},"end":{"line":84,"column":46}},"35":{"start":{"line":86,"column":19},"end":{"line":86,"column":53}},"36":{"start":{"line":88,"column":6},"end":{"line":90,"column":null}},"37":{"start":{"line":89,"column":8},"end":{"line":89,"column":71}},"38":{"start":{"line":92,"column":6},"end":{"line":92,"column":33}},"39":{"start":{"line":95,"column":6},"end":{"line":95,"column":null}},"40":{"start":{"line":100,"column":4},"end":{"line":106,"column":null}},"41":{"start":{"line":101,"column":23},"end":{"line":101,"column":42}},"42":{"start":{"line":102,"column":21},"end":{"line":102,"column":59}},"43":{"start":{"line":103,"column":6},"end":{"line":103,"column":35}},"44":{"start":{"line":105,"column":6},"end":{"line":105,"column":null}},"45":{"start":{"line":9,"column":0},"end":{"line":9,"column":13}}},"fnMap":{"0":{"name":"(anonymous_0)","decl":{"start":{"line":10,"column":9},"end":{"line":10,"column":14}},"loc":{"start":{"line":10,"column":49},"end":{"line":17,"column":3}}},"1":{"name":"(anonymous_1)","decl":{"start":{"line":19,"column":9},"end":{"line":19,"column":14}},"loc":{"start":{"line":19,"column":49},"end":{"line":39,"column":3}}},"2":{"name":"(anonymous_2)","decl":{"start":{"line":41,"column":9},"end":{"line":41,"column":14}},"loc":{"start":{"line":41,"column":49},"end":{"line":58,"column":3}}},"3":{"name":"(anonymous_3)","decl":{"start":{"line":60,"column":9},"end":{"line":60,"column":14}},"loc":{"start":{"line":60,"column":49},"end":{"line":80,"column":3}}},"4":{"name":"(anonymous_4)","decl":{"start":{"line":82,"column":9},"end":{"line":82,"column":14}},"loc":{"start":{"line":82,"column":51},"end":{"line":97,"column":3}}},"5":{"name":"(anonymous_5)","decl":{"start":{"line":99,"column":9},"end":{"line":99,"column":14}},"loc":{"start":{"line":99,"column":53},"end":{"line":107,"column":3}}}},"branchMap":{"0":{"loc":{"start":{"line":29,"column":6},"end":{"line":31,"column":null}},"type":"if","locations":[{"start":{"line":29,"column":6},"end":{"line":31,"column":null}}]},"1":{"loc":{"start":{"line":47,"column":6},"end":{"line":49,"column":null}},"type":"if","locations":[{"start":{"line":47,"column":6},"end":{"line":49,"column":null}}]},"2":{"loc":{"start":{"line":67,"column":6},"end":{"line":69,"column":null}},"type":"if","locations":[{"start":{"line":67,"column":6},"end":{"line":69,"column":null}}]},"3":{"loc":{"start":{"line":88,"column":6},"end":{"line":90,"column":null}},"type":"if","locations":[{"start":{"line":88,"column":6},"end":{"line":90,"column":null}}]}},"s":{"0":1,"1":1,"2":1,"3":1,"4":1,"5":1,"6":0,"7":2,"8":2,"9":2,"10":2,"11":2,"12":1,"13":1,"14":1,"15":0,"16":2,"17":2,"18":2,"19":2,"20":1,"21":1,"22":1,"23":0,"24":2,"25":2,"26":2,"27":2,"28":2,"29":1,"30":1,"31":1,"32":0,"33":2,"34":2,"35":2,"36":2,"37":1,"38":1,"39":0,"40":2,"41":2,"42":2,"43":2,"44":0,"45":1},"f":{"0":1,"1":2,"2":2,"3":2,"4":2,"5":2},"b":{"0":[1],"1":[1],"2":[1],"3":[1]}}
,"/home/tokenlab/Área de Trabalho/projects/tour-of-heroes/src/entity/Hero.ts": {"path":"/home/tokenlab/Área de Trabalho/projects/tour-of-heroes/src/entity/Hero.ts","statementMap":{"0":{"start":{"line":1,"column":0},"end":{"line":1,"column":65}},"1":{"start":{"line":4,"column":0},"end":{"line":10,"column":null}},"2":{"start":{"line":6,"column":2},"end":{"line":6,"column":null}},"3":{"start":{"line":9,"column":2},"end":{"line":9,"column":null}},"4":{"start":{"line":4,"column":13},"end":{"line":10,"column":null}},"5":{"start":{"line":4,"column":13},"end":{"line":4,"column":17}}},"fnMap":{},"branchMap":{},"s":{"0":1,"1":1,"2":1,"3":1,"4":1,"5":1},"f":{},"b":{}}
,"/home/tokenlab/Área de Trabalho/projects/tour-of-heroes/src/repositories/heroRepository.ts": {"path":"/home/tokenlab/Área de Trabalho/projects/tour-of-heroes/src/repositories/heroRepository.ts","statementMap":{"0":{"start":{"line":1,"column":0},"end":{"line":1,"column":38}},"1":{"start":{"line":2,"column":0},"end":{"line":2,"column":65}},"2":{"start":{"line":7,"column":23},"end":{"line":7,"column":43}},"3":{"start":{"line":9,"column":19},"end":{"line":9,"column":42}},"4":{"start":{"line":11,"column":4},"end":{"line":11,"column":18}},"5":{"start":{"line":15,"column":23},"end":{"line":15,"column":43}},"6":{"start":{"line":17,"column":24},"end":{"line":17,"column":53}},"7":{"start":{"line":18,"column":22},"end":{"line":18,"column":56}},"8":{"start":{"line":20,"column":4},"end":{"line":20,"column":21}},"9":{"start":{"line":24,"column":23},"end":{"line":24,"column":43}},"10":{"start":{"line":26,"column":17},"end":{"line":26,"column":49}},"11":{"start":{"line":27,"column":4},"end":{"line":27,"column":16}},"12":{"start":{"line":31,"column":23},"end":{"line":31,"column":43}},"13":{"start":{"line":33,"column":4},"end":{"line":33,"column":34}},"14":{"start":{"line":37,"column":23},"end":{"line":37,"column":43}},"15":{"start":{"line":38,"column":4},"end":{"line":38,"column":37}},"16":{"start":{"line":42,"column":23},"end":{"line":42,"column":43}},"17":{"start":{"line":44,"column":19},"end":{"line":44,"column":68}},"18":{"start":{"line":46,"column":4},"end":{"line":46,"column":18}},"19":{"start":{"line":50,"column":4},"end":{"line":50,"column":31}},"20":{"start":{"line":5,"column":0},"end":{"line":5,"column":13}}},"fnMap":{"0":{"name":"(anonymous_0)","decl":{"start":{"line":6,"column":9},"end":{"line":6,"column":14}},"loc":{"start":{"line":6,"column":21},"end":{"line":12,"column":3}}},"1":{"name":"(anonymous_1)","decl":{"start":{"line":14,"column":9},"end":{"line":14,"column":14}},"loc":{"start":{"line":14,"column":35},"end":{"line":21,"column":3}}},"2":{"name":"(anonymous_2)","decl":{"start":{"line":23,"column":9},"end":{"line":23,"column":14}},"loc":{"start":{"line":23,"column":38},"end":{"line":28,"column":3}}},"3":{"name":"(anonymous_3)","decl":{"start":{"line":30,"column":9},"end":{"line":30,"column":14}},"loc":{"start":{"line":30,"column":32},"end":{"line":34,"column":3}}},"4":{"name":"(anonymous_4)","decl":{"start":{"line":36,"column":9},"end":{"line":36,"column":14}},"loc":{"start":{"line":36,"column":44},"end":{"line":39,"column":3}}},"5":{"name":"(anonymous_5)","decl":{"start":{"line":41,"column":9},"end":{"line":41,"column":14}},"loc":{"start":{"line":41,"column":38},"end":{"line":47,"column":3}}},"6":{"name":"(anonymous_6)","decl":{"start":{"line":49,"column":10},"end":{"line":49,"column":23}},"loc":{"start":{"line":49,"column":23},"end":{"line":51,"column":3}}}},"branchMap":{},"s":{"0":1,"1":1,"2":1,"3":1,"4":1,"5":11,"6":11,"7":11,"8":11,"9":4,"10":4,"11":4,"12":11,"13":11,"14":1,"15":1,"16":2,"17":2,"18":2,"19":30,"20":1},"f":{"0":1,"1":11,"2":4,"3":11,"4":1,"5":2,"6":30},"b":{}}
,"/home/tokenlab/Área de Trabalho/projects/tour-of-heroes/src/routes/heroRoute.ts": {"path":"/home/tokenlab/Área de Trabalho/projects/tour-of-heroes/src/routes/heroRoute.ts","statementMap":{"0":{"start":{"line":1,"column":0},"end":{"line":1,"column":33}},"1":{"start":{"line":2,"column":0},"end":{"line":2,"column":63}},"2":{"start":{"line":5,"column":10},"end":{"line":5,"column":28}},"3":{"start":{"line":9,"column":4},"end":{"line":9,"column":16}},"4":{"start":{"line":10,"column":4},"end":{"line":10,"column":28}},"5":{"start":{"line":14,"column":4},"end":{"line":14,"column":43}},"6":{"start":{"line":18,"column":4},"end":{"line":21,"column":36}},"7":{"start":{"line":23,"column":4},"end":{"line":27,"column":null}},"8":{"start":{"line":29,"column":4},"end":{"line":31,"column":null}},"9":{"start":{"line":35,"column":4},"end":{"line":35,"column":23}},"10":{"start":{"line":4,"column":0},"end":{"line":4,"column":13}},"11":{"start":{"line":39,"column":0},"end":{"line":39,"column":25}}},"fnMap":{"0":{"name":"(anonymous_0)","decl":{"start":{"line":8,"column":2},"end":{"line":8,"column":null}},"loc":{"start":{"line":8,"column":2},"end":{"line":11,"column":3}}},"1":{"name":"(anonymous_1)","decl":{"start":{"line":13,"column":2},"end":{"line":13,"column":6}},"loc":{"start":{"line":13,"column":6},"end":{"line":15,"column":3}}},"2":{"name":"(anonymous_2)","decl":{"start":{"line":17,"column":2},"end":{"line":17,"column":18}},"loc":{"start":{"line":17,"column":18},"end":{"line":32,"column":3}}},"3":{"name":"(anonymous_3)","decl":{"start":{"line":34,"column":2},"end":{"line":34,"column":11}},"loc":{"start":{"line":34,"column":11},"end":{"line":36,"column":3}}}},"branchMap":{},"s":{"0":1,"1":1,"2":1,"3":1,"4":1,"5":1,"6":1,"7":1,"8":1,"9":1,"10":1,"11":1},"f":{"0":1,"1":1,"2":1,"3":1},"b":{}}
,"/home/tokenlab/Área de Trabalho/projects/tour-of-heroes/src/services/heroService.ts": {"path":"/home/tokenlab/Área de Trabalho/projects/tour-of-heroes/src/services/heroService.ts","statementMap":{"0":{"start":{"line":3,"column":0},"end":{"line":3,"column":64}},"1":{"start":{"line":5,"column":23},"end":{"line":5,"column":43}},"2":{"start":{"line":9,"column":4},"end":{"line":9,"column":41}},"3":{"start":{"line":13,"column":4},"end":{"line":13,"column":45}},"4":{"start":{"line":17,"column":4},"end":{"line":17,"column":49}},"5":{"start":{"line":21,"column":4},"end":{"line":21,"column":38}},"6":{"start":{"line":25,"column":4},"end":{"line":25,"column":42}},"7":{"start":{"line":29,"column":19},"end":{"line":29,"column":50}},"8":{"start":{"line":30,"column":4},"end":{"line":30,"column":18}},"9":{"start":{"line":7,"column":0},"end":{"line":7,"column":13}}},"fnMap":{"0":{"name":"(anonymous_0)","decl":{"start":{"line":8,"column":9},"end":{"line":8,"column":14}},"loc":{"start":{"line":8,"column":21},"end":{"line":10,"column":3}}},"1":{"name":"(anonymous_1)","decl":{"start":{"line":12,"column":9},"end":{"line":12,"column":14}},"loc":{"start":{"line":12,"column":35},"end":{"line":14,"column":3}}},"2":{"name":"(anonymous_2)","decl":{"start":{"line":16,"column":9},"end":{"line":16,"column":14}},"loc":{"start":{"line":16,"column":38},"end":{"line":18,"column":3}}},"3":{"name":"(anonymous_3)","decl":{"start":{"line":20,"column":9},"end":{"line":20,"column":14}},"loc":{"start":{"line":20,"column":32},"end":{"line":22,"column":3}}},"4":{"name":"(anonymous_4)","decl":{"start":{"line":24,"column":9},"end":{"line":24,"column":14}},"loc":{"start":{"line":24,"column":44},"end":{"line":26,"column":3}}},"5":{"name":"(anonymous_5)","decl":{"start":{"line":28,"column":9},"end":{"line":28,"column":14}},"loc":{"start":{"line":28,"column":38},"end":{"line":31,"column":3}}}},"branchMap":{},"s":{"0":1,"1":1,"2":1,"3":11,"4":4,"5":11,"6":1,"7":2,"8":2,"9":1},"f":{"0":1,"1":11,"2":4,"3":11,"4":1,"5":2},"b":{}}
,"/home/tokenlab/Área de Trabalho/projects/tour-of-heroes/src/validators/heroValidator.ts": {"path":"/home/tokenlab/Área de Trabalho/projects/tour-of-heroes/src/validators/heroValidator.ts","statementMap":{"0":{"start":{"line":8,"column":29},"end":{"line":12,"column":1}},"1":{"start":{"line":9,"column":2},"end":{"line":11,"column":null}},"2":{"start":{"line":10,"column":4},"end":{"line":10,"column":50}},"3":{"start":{"line":8,"column":13},"end":{"line":8,"column":29}},"4":{"start":{"line":14,"column":29},"end":{"line":27,"column":1}},"5":{"start":{"line":15,"column":29},"end":{"line":15,"column":31}},"6":{"start":{"line":17,"column":20},"end":{"line":17,"column":44}},"7":{"start":{"line":19,"column":2},"end":{"line":21,"column":null}},"8":{"start":{"line":20,"column":4},"end":{"line":20,"column":28}},"9":{"start":{"line":23,"column":2},"end":{"line":26,"column":4}},"10":{"start":{"line":14,"column":13},"end":{"line":14,"column":29}}},"fnMap":{"0":{"name":"(anonymous_0)","decl":{"start":{"line":8,"column":29},"end":{"line":8,"column":30}},"loc":{"start":{"line":8,"column":46},"end":{"line":12,"column":1}}},"1":{"name":"(anonymous_1)","decl":{"start":{"line":14,"column":29},"end":{"line":14,"column":30}},"loc":{"start":{"line":14,"column":54},"end":{"line":27,"column":1}}}},"branchMap":{"0":{"loc":{"start":{"line":9,"column":2},"end":{"line":11,"column":null}},"type":"if","locations":[{"start":{"line":9,"column":2},"end":{"line":11,"column":null}}]},"1":{"loc":{"start":{"line":9,"column":6},"end":{"line":9,"column":33}},"type":"binary-expr","locations":[{"start":{"line":9,"column":6},"end":{"line":9,"column":11}},{"start":{"line":9,"column":15},"end":{"line":9,"column":33}}]},"2":{"loc":{"start":{"line":19,"column":2},"end":{"line":21,"column":null}},"type":"if","locations":[{"start":{"line":19,"column":2},"end":{"line":21,"column":null}}]}},"s":{"0":1,"1":4,"2":2,"3":1,"4":1,"5":4,"6":4,"7":4,"8":2,"9":4,"10":1},"f":{"0":4,"1":4},"b":{"0":[2],"1":[4,2],"2":[2]}}
}
