TN:
SF:src/database.ts
FN:5,(anonymous_0)
FN:11,(anonymous_1)
FNF:2
FNH:2
FNDA:1,(anonymous_0)
FNDA:1,(anonymous_1)
DA:1,1
DA:2,1
DA:3,1
DA:5,1
DA:6,1
DA:7,1
DA:8,1
DA:11,1
DA:12,1
DA:13,1
LF:10
LH:10
BRF:0
BRH:0
end_of_record
TN:
SF:src/server.ts
FN:14,(anonymous_0)
FN:16,(anonymous_1)
FN:22,(anonymous_2)
FN:30,(anonymous_3)
FN:35,(anonymous_4)
FN:39,(anonymous_5)
FN:40,(anonymous_6)
FN:45,(anonymous_7)
FN:52,(anonymous_8)
FNF:9
FNH:9
FNDA:1,(anonymous_0)
FNDA:1,(anonymous_1)
FNDA:1,(anonymous_2)
FNDA:1,(anonymous_3)
FNDA:1,(anonymous_4)
FNDA:1,(anonymous_5)
FNDA:1,(anonymous_6)
FNDA:1,(anonymous_7)
FNDA:1,(anonymous_8)
DA:1,1
DA:2,1
DA:5,1
DA:6,1
DA:7,1
DA:9,1
DA:11,1
DA:12,1
DA:14,1
DA:17,1
DA:18,1
DA:19,1
DA:23,1
DA:25,1
DA:27,1
DA:31,1
DA:32,1
DA:36,1
DA:40,1
DA:41,1
DA:46,1
DA:47,1
DA:48,1
DA:53,1
LF:24
LH:24
BRDA:14,0,0,1
BRDA:47,1,0,1
BRF:2
BRH:2
end_of_record
TN:
SF:src/config/index.ts
FNF:0
FNH:0
DA:1,1
DA:4,1
DA:6,1
DA:8,1
DA:16,1
DA:28,1
DA:36,1
LF:7
LH:7
BRDA:25,0,0,0
BRDA:25,0,1,1
BRF:2
BRH:1
end_of_record
TN:
SF:src/controllers/heroController.ts
FN:10,(anonymous_0)
FN:19,(anonymous_1)
FN:41,(anonymous_2)
FN:60,(anonymous_3)
FN:82,(anonymous_4)
FN:99,(anonymous_5)
FNF:6
FNH:6
FNDA:1,(anonymous_0)
FNDA:2,(anonymous_1)
FNDA:2,(anonymous_2)
FNDA:2,(anonymous_3)
FNDA:2,(anonymous_4)
FNDA:2,(anonymous_5)
DA:4,1
DA:5,1
DA:7,1
DA:9,1
DA:11,1
DA:12,1
DA:13,1
DA:15,0
DA:20,2
DA:21,2
DA:23,2
DA:27,2
DA:29,2
DA:30,1
DA:33,1
DA:35,1
DA:37,0
DA:42,2
DA:43,2
DA:45,2
DA:47,2
DA:48,1
DA:51,1
DA:53,1
DA:56,0
DA:61,2
DA:62,2
DA:63,2
DA:65,2
DA:67,2
DA:68,1
DA:71,1
DA:72,1
DA:76,0
DA:83,2
DA:84,2
DA:86,2
DA:88,2
DA:89,1
DA:92,1
DA:95,0
DA:100,2
DA:101,2
DA:102,2
DA:103,2
DA:105,0
LF:46
LH:40
BRDA:29,0,0,1
BRDA:47,1,0,1
BRDA:67,2,0,1
BRDA:88,3,0,1
BRF:4
BRH:4
end_of_record
TN:
SF:src/entity/Hero.ts
FNF:0
FNH:0
DA:1,1
DA:4,1
DA:6,1
DA:9,1
LF:4
LH:4
BRF:0
BRH:0
end_of_record
TN:
SF:src/repositories/heroRepository.ts
FN:6,(anonymous_0)
FN:14,(anonymous_1)
FN:23,(anonymous_2)
FN:30,(anonymous_3)
FN:36,(anonymous_4)
FN:41,(anonymous_5)
FN:49,(anonymous_6)
FNF:7
FNH:7
FNDA:1,(anonymous_0)
FNDA:11,(anonymous_1)
FNDA:4,(anonymous_2)
FNDA:11,(anonymous_3)
FNDA:1,(anonymous_4)
FNDA:2,(anonymous_5)
FNDA:30,(anonymous_6)
DA:1,1
DA:2,1
DA:5,1
DA:7,1
DA:9,1
DA:11,1
DA:15,11
DA:17,11
DA:18,11
DA:20,11
DA:24,4
DA:26,4
DA:27,4
DA:31,11
DA:33,11
DA:37,1
DA:38,1
DA:42,2
DA:44,2
DA:46,2
DA:50,30
LF:21
LH:21
BRF:0
BRH:0
end_of_record
TN:
SF:src/routes/heroRoute.ts
FN:8,(anonymous_0)
FN:13,(anonymous_1)
FN:17,(anonymous_2)
FN:34,(anonymous_3)
FNF:4
FNH:4
FNDA:1,(anonymous_0)
FNDA:1,(anonymous_1)
FNDA:1,(anonymous_2)
FNDA:1,(anonymous_3)
DA:1,1
DA:2,1
DA:4,1
DA:5,1
DA:9,1
DA:10,1
DA:14,1
DA:18,1
DA:23,1
DA:29,1
DA:35,1
DA:39,1
LF:12
LH:12
BRF:0
BRH:0
end_of_record
TN:
SF:src/services/heroService.ts
FN:8,(anonymous_0)
FN:12,(anonymous_1)
FN:16,(anonymous_2)
FN:20,(anonymous_3)
FN:24,(anonymous_4)
FN:28,(anonymous_5)
FNF:6
FNH:6
FNDA:1,(anonymous_0)
FNDA:11,(anonymous_1)
FNDA:4,(anonymous_2)
FNDA:11,(anonymous_3)
FNDA:1,(anonymous_4)
FNDA:2,(anonymous_5)
DA:3,1
DA:5,1
DA:7,1
DA:9,1
DA:13,11
DA:17,4
DA:21,11
DA:25,1
DA:29,2
DA:30,2
LF:10
LH:10
BRF:0
BRH:0
end_of_record
TN:
SF:src/validators/heroValidator.ts
FN:8,(anonymous_0)
FN:14,(anonymous_1)
FNF:2
FNH:2
FNDA:4,(anonymous_0)
FNDA:4,(anonymous_1)
DA:8,1
DA:9,4
DA:10,2
DA:14,1
DA:15,4
DA:17,4
DA:19,4
DA:20,2
DA:23,4
LF:9
LH:9
BRDA:9,0,0,2
BRDA:9,1,0,4
BRDA:9,1,1,2
BRDA:19,2,0,2
BRF:4
BRH:4
end_of_record
